Using pre-set license
Built from '2020.3/staging' branch; Version is '2020.3.8f1 (507919d4fff5) revision 5273881'; Using compiler version '192528614'; Build Type 'Release'
OS: 'Windows 10 Pro; OS build 19042.928; Version 2009; 64bit' Language: 'it' Physical Memory: 16283 MB
BatchMode: 1, IsHumanControllingUs: 0, StartBugReporterOnCrash: 0, Is64bit: 1, IsPro: 0

 COMMAND LINE ARGUMENTS:
C:\Program Files\Unity\Hub\Editor\2020.3.8f1\Editor\Unity.exe
-adb2
-batchMode
-noUpm
-name
AssetImportWorker0
-projectPath
C:/Users/Manuel/Desktop/AudioProject/BaseAudio
-logFile
Logs/AssetImportWorker0.log
-srvPort
51620
Successfully changed project path to: C:/Users/Manuel/Desktop/AudioProject/BaseAudio
C:/Users/Manuel/Desktop/AudioProject/BaseAudio
Using Asset Import Pipeline V2.
Refreshing native plugins compatible for Editor in 48.09 ms, found 0 plugins.
Preloading 0 native plugins for Editor in 0.00 ms.
Initialize engine version: 2020.3.8f1 (507919d4fff5)
[Subsystems] Discovering subsystems at path C:/Program Files/Unity/Hub/Editor/2020.3.8f1/Editor/Data/Resources/UnitySubsystems
[Subsystems] Discovering subsystems at path C:/Users/Manuel/Desktop/AudioProject/BaseAudio/Assets
GfxDevice: creating device client; threaded=0
Direct3D:
    Version:  Direct3D 11.0 [level 11.1]
    Renderer: NVIDIA GeForce GTX 1060 6GB (ID=0x1c03)
    Vendor:   
    VRAM:     6052 MB
    Driver:   27.21.14.6647
Initialize mono
Mono path[0] = 'C:/Program Files/Unity/Hub/Editor/2020.3.8f1/Editor/Data/Managed'
Mono path[1] = 'C:/Program Files/Unity/Hub/Editor/2020.3.8f1/Editor/Data/MonoBleedingEdge/lib/mono/unityjit'
Mono config path = 'C:/Program Files/Unity/Hub/Editor/2020.3.8f1/Editor/Data/MonoBleedingEdge/etc'
Using monoOptions --debugger-agent=transport=dt_socket,embedding=1,server=y,suspend=n,address=127.0.0.1:56748
Begin MonoManager ReloadAssembly
Registering precompiled unity dll's ...
Register platform support module: C:/Program Files/Unity/Hub/Editor/2020.3.8f1/Editor/Data/PlaybackEngines/WindowsStandaloneSupport/UnityEditor.WindowsStandalone.Extensions.dll
Registered in 0.002637 seconds.
Native extension for WindowsStandalone target not found
Refreshing native plugins compatible for Editor in 26.39 ms, found 0 plugins.
Preloading 0 native plugins for Editor in 0.00 ms.
Mono: successfully reloaded assembly
- Completed reload, in  0.995 seconds
Platform modules already initialized, skipping
Registering precompiled user dll's ...
Registered in 0.000786 seconds.
Begin MonoManager ReloadAssembly
Native extension for WindowsStandalone target not found
Refreshing native plugins compatible for Editor in 0.23 ms, found 0 plugins.
Preloading 0 native plugins for Editor in 0.00 ms.
Mono: successfully reloaded assembly
- Completed reload, in  1.014 seconds
Platform modules already initialized, skipping
========================================================================
Worker process is ready to serve import requests
Launched and connected shader compiler UnityShaderCompiler.exe after 0.06 seconds
Refreshing native plugins compatible for Editor in 0.37 ms, found 0 plugins.
Preloading 0 native plugins for Editor in 0.00 ms.
Unloading 1184 Unused Serialized files (Serialized files now loaded: 0)
System memory in use before: 61.8 MB.
System memory in use after: 61.9 MB.

Unloading 9 unused Assets to reduce memory usage. Loaded Objects now: 1631.
Total: 1.702400 ms (FindLiveObjects: 0.140400 ms CreateObjectMapping: 0.033000 ms MarkObjects: 1.442500 ms  DeleteObjects: 0.085100 ms)

========================================================================
Received Import Request.
  path: Assets/Scripts/TargetManager.cs
  artifactKey: Guid(532d34eac12ded1449286f5441d4f442) Importer(815301076,1909f56bfc062723c751e8b465ee728b)
Start importing Assets/Scripts/TargetManager.cs using Guid(532d34eac12ded1449286f5441d4f442) Importer(815301076,1909f56bfc062723c751e8b465ee728b)  -> (artifact id: '71502db66b46548f5d66a4fe19e7cb8d') in 0.031790 seconds
  Import took 0.033959 seconds .

========================================================================
Received Prepare
Registering precompiled user dll's ...
Registered in 0.001054 seconds.
Begin MonoManager ReloadAssembly
Native extension for WindowsStandalone target not found
Refreshing native plugins compatible for Editor in 0.27 ms, found 0 plugins.
Preloading 0 native plugins for Editor in 0.00 ms.
Mono: successfully reloaded assembly
- Completed reload, in  0.807 seconds
Platform modules already initialized, skipping
Refreshing native plugins compatible for Editor in 0.26 ms, found 0 plugins.
Preloading 0 native plugins for Editor in 0.00 ms.
Unloading 1164 Unused Serialized files (Serialized files now loaded: 0)
System memory in use before: 60.2 MB.
System memory in use after: 60.3 MB.

Unloading 4 unused Assets to reduce memory usage. Loaded Objects now: 1634.
Total: 1.647700 ms (FindLiveObjects: 0.130600 ms CreateObjectMapping: 0.032900 ms MarkObjects: 1.464100 ms  DeleteObjects: 0.019200 ms)

========================================================================
Received Import Request.
  Time since last request: 31.643426 seconds.
  path: Assets/Scripts/PlayerController.cs
  artifactKey: Guid(db43e94940f86734e8eafad7dd9f8470) Importer(815301076,1909f56bfc062723c751e8b465ee728b)
Start importing Assets/Scripts/PlayerController.cs using Guid(db43e94940f86734e8eafad7dd9f8470) Importer(815301076,1909f56bfc062723c751e8b465ee728b)  -> (artifact id: '26bd18688f7130ad5a6539a16e94d1cd') in 0.008045 seconds
  Import took 0.010004 seconds .

========================================================================
Received Prepare
Registering precompiled user dll's ...
Registered in 0.000799 seconds.
Begin MonoManager ReloadAssembly
Native extension for WindowsStandalone target not found
Refreshing native plugins compatible for Editor in 0.37 ms, found 0 plugins.
Preloading 0 native plugins for Editor in 0.00 ms.
Mono: successfully reloaded assembly
- Completed reload, in  0.972 seconds
Platform modules already initialized, skipping
Refreshing native plugins compatible for Editor in 0.34 ms, found 0 plugins.
Preloading 0 native plugins for Editor in 0.00 ms.
Unloading 1164 Unused Serialized files (Serialized files now loaded: 0)
System memory in use before: 60.3 MB.
System memory in use after: 60.4 MB.

Unloading 4 unused Assets to reduce memory usage. Loaded Objects now: 1637.
Total: 1.713400 ms (FindLiveObjects: 0.243100 ms CreateObjectMapping: 0.081700 ms MarkObjects: 1.370400 ms  DeleteObjects: 0.017000 ms)

========================================================================
Received Import Request.
  Time since last request: 11.825014 seconds.
  path: Assets/Scripts/Audio/AudioManager.cs
  artifactKey: Guid(565e2b9dc0ed46448b7a848e3f4ec899) Importer(815301076,1909f56bfc062723c751e8b465ee728b)
Start importing Assets/Scripts/Audio/AudioManager.cs using Guid(565e2b9dc0ed46448b7a848e3f4ec899) Importer(815301076,1909f56bfc062723c751e8b465ee728b)  -> (artifact id: '17dbc63f2f0d4309aa3099225ab73fc3') in 0.008301 seconds
  Import took 0.010535 seconds .

========================================================================
Received Prepare
Registering precompiled user dll's ...
Registered in 0.000789 seconds.
Begin MonoManager ReloadAssembly
Native extension for WindowsStandalone target not found
Refreshing native plugins compatible for Editor in 0.23 ms, found 0 plugins.
Preloading 0 native plugins for Editor in 0.00 ms.
Mono: successfully reloaded assembly
- Completed reload, in  0.771 seconds
Platform modules already initialized, skipping
Refreshing native plugins compatible for Editor in 0.27 ms, found 0 plugins.
Preloading 0 native plugins for Editor in 0.00 ms.
Unloading 1164 Unused Serialized files (Serialized files now loaded: 0)
System memory in use before: 60.3 MB.
System memory in use after: 60.4 MB.

Unloading 4 unused Assets to reduce memory usage. Loaded Objects now: 1640.
Total: 1.577100 ms (FindLiveObjects: 0.114500 ms CreateObjectMapping: 0.039200 ms MarkObjects: 1.408600 ms  DeleteObjects: 0.013900 ms)

========================================================================
Received Import Request.
  Time since last request: 27.866228 seconds.
  path: Assets/Scripts/Audio/AudioSettingsManager.cs
  artifactKey: Guid(8136117cb2e64364fa562fe64ca92fc2) Importer(815301076,1909f56bfc062723c751e8b465ee728b)
Start importing Assets/Scripts/Audio/AudioSettingsManager.cs using Guid(8136117cb2e64364fa562fe64ca92fc2) Importer(815301076,1909f56bfc062723c751e8b465ee728b)  -> (artifact id: '00edb636bf8cbf6fca291c6fc97fb7e6') in 0.008016 seconds
  Import took 0.009691 seconds .

========================================================================
Received Prepare
Registering precompiled user dll's ...
Registered in 0.000934 seconds.
Begin MonoManager ReloadAssembly
Native extension for WindowsStandalone target not found
Refreshing native plugins compatible for Editor in 0.23 ms, found 0 plugins.
Preloading 0 native plugins for Editor in 0.00 ms.
Mono: successfully reloaded assembly
- Completed reload, in  0.981 seconds
Platform modules already initialized, skipping
Refreshing native plugins compatible for Editor in 0.42 ms, found 0 plugins.
Preloading 0 native plugins for Editor in 0.00 ms.
Unloading 1164 Unused Serialized files (Serialized files now loaded: 0)
System memory in use before: 60.3 MB.
System memory in use after: 60.4 MB.

Unloading 4 unused Assets to reduce memory usage. Loaded Objects now: 1643.
Total: 1.995600 ms (FindLiveObjects: 0.221800 ms CreateObjectMapping: 0.063300 ms MarkObjects: 1.682100 ms  DeleteObjects: 0.027100 ms)

========================================================================
Received Import Request.
  Time since last request: 68.520343 seconds.
  path: Assets/Scripts/Audio/GameMusicManager.cs
  artifactKey: Guid(068edc4d940ab054286c0f42037a106a) Importer(815301076,1909f56bfc062723c751e8b465ee728b)
Start importing Assets/Scripts/Audio/GameMusicManager.cs using Guid(068edc4d940ab054286c0f42037a106a) Importer(815301076,1909f56bfc062723c751e8b465ee728b)  -> (artifact id: '5ffd0d902171c630575a308ae5a01fef') in 0.012107 seconds
  Import took 0.015206 seconds .

========================================================================
Received Prepare
Registering precompiled user dll's ...
Registered in 0.001148 seconds.
Begin MonoManager ReloadAssembly
Native extension for WindowsStandalone target not found
Refreshing native plugins compatible for Editor in 0.45 ms, found 0 plugins.
Preloading 0 native plugins for Editor in 0.00 ms.
Mono: successfully reloaded assembly
- Completed reload, in  1.028 seconds
Platform modules already initialized, skipping
Refreshing native plugins compatible for Editor in 0.29 ms, found 0 plugins.
Preloading 0 native plugins for Editor in 0.00 ms.
Unloading 1164 Unused Serialized files (Serialized files now loaded: 0)
System memory in use before: 60.3 MB.
System memory in use after: 60.4 MB.

Unloading 4 unused Assets to reduce memory usage. Loaded Objects now: 1646.
Total: 2.282400 ms (FindLiveObjects: 0.134100 ms CreateObjectMapping: 0.050300 ms MarkObjects: 2.079500 ms  DeleteObjects: 0.017100 ms)

========================================================================
Received Import Request.
  Time since last request: 42.156992 seconds.
  path: Assets/Scripts/Audio/GenericSoundManager.cs
  artifactKey: Guid(db6dd26f7572538489b47d3dc9648e4c) Importer(815301076,1909f56bfc062723c751e8b465ee728b)
Start importing Assets/Scripts/Audio/GenericSoundManager.cs using Guid(db6dd26f7572538489b47d3dc9648e4c) Importer(815301076,1909f56bfc062723c751e8b465ee728b)  -> (artifact id: 'f2242e7b83f0e498f20f36cf516af5a9') in 0.010798 seconds
  Import took 0.012830 seconds .

========================================================================
Received Prepare
Registering precompiled user dll's ...
Registered in 0.000756 seconds.
Begin MonoManager ReloadAssembly
Native extension for WindowsStandalone target not found
Refreshing native plugins compatible for Editor in 0.40 ms, found 0 plugins.
Preloading 0 native plugins for Editor in 0.00 ms.
Mono: successfully reloaded assembly
- Completed reload, in  1.034 seconds
Platform modules already initialized, skipping
Refreshing native plugins compatible for Editor in 0.24 ms, found 0 plugins.
Preloading 0 native plugins for Editor in 0.00 ms.
Unloading 1164 Unused Serialized files (Serialized files now loaded: 0)
System memory in use before: 60.3 MB.
System memory in use after: 60.4 MB.

Unloading 4 unused Assets to reduce memory usage. Loaded Objects now: 1649.
Total: 1.719000 ms (FindLiveObjects: 0.133600 ms CreateObjectMapping: 0.051000 ms MarkObjects: 1.512000 ms  DeleteObjects: 0.021200 ms)

========================================================================
Received Import Request.
  Time since last request: 22.379104 seconds.
  path: Assets/Scripts/Audio/AudioSettingsManager.cs
  artifactKey: Guid(8136117cb2e64364fa562fe64ca92fc2) Importer(815301076,1909f56bfc062723c751e8b465ee728b)
Start importing Assets/Scripts/Audio/AudioSettingsManager.cs using Guid(8136117cb2e64364fa562fe64ca92fc2) Importer(815301076,1909f56bfc062723c751e8b465ee728b)  -> (artifact id: '0c42320ef82963839471a9604a09e5d0') in 0.004098 seconds
  Import took 0.005898 seconds .

========================================================================
Received Prepare
Registering precompiled user dll's ...
Registered in 0.000699 seconds.
Begin MonoManager ReloadAssembly
Native extension for WindowsStandalone target not found
Refreshing native plugins compatible for Editor in 0.33 ms, found 0 plugins.
Preloading 0 native plugins for Editor in 0.00 ms.
Mono: successfully reloaded assembly
- Completed reload, in  0.846 seconds
Platform modules already initialized, skipping
Refreshing native plugins compatible for Editor in 0.33 ms, found 0 plugins.
Preloading 0 native plugins for Editor in 0.00 ms.
Unloading 1164 Unused Serialized files (Serialized files now loaded: 0)
System memory in use before: 60.3 MB.
System memory in use after: 60.4 MB.

Unloading 4 unused Assets to reduce memory usage. Loaded Objects now: 1652.
Total: 2.446000 ms (FindLiveObjects: 0.263900 ms CreateObjectMapping: 0.118100 ms MarkObjects: 2.039000 ms  DeleteObjects: 0.023400 ms)

========================================================================
Received Import Request.
  Time since last request: 9.957851 seconds.
  path: Assets/Scripts/Audio/AudioManager.cs
  artifactKey: Guid(565e2b9dc0ed46448b7a848e3f4ec899) Importer(815301076,1909f56bfc062723c751e8b465ee728b)
Start importing Assets/Scripts/Audio/AudioManager.cs using Guid(565e2b9dc0ed46448b7a848e3f4ec899) Importer(815301076,1909f56bfc062723c751e8b465ee728b)  -> (artifact id: 'd88c5c364fda345cab10740d64b1d396') in 0.008326 seconds
  Import took 0.011578 seconds .

========================================================================
Received Prepare
Registering precompiled user dll's ...
Registered in 0.000841 seconds.
Begin MonoManager ReloadAssembly
Native extension for WindowsStandalone target not found
Refreshing native plugins compatible for Editor in 0.23 ms, found 0 plugins.
Preloading 0 native plugins for Editor in 0.00 ms.
Mono: successfully reloaded assembly
- Completed reload, in  0.766 seconds
Platform modules already initialized, skipping
Refreshing native plugins compatible for Editor in 0.46 ms, found 0 plugins.
Preloading 0 native plugins for Editor in 0.00 ms.
Unloading 1164 Unused Serialized files (Serialized files now loaded: 0)
System memory in use before: 60.3 MB.
System memory in use after: 60.4 MB.

Unloading 4 unused Assets to reduce memory usage. Loaded Objects now: 1655.
Total: 5.423700 ms (FindLiveObjects: 0.395400 ms CreateObjectMapping: 0.115800 ms MarkObjects: 4.886700 ms  DeleteObjects: 0.024200 ms)

========================================================================
Received Import Request.
  Time since last request: 23.982137 seconds.
  path: Assets/Scripts/Bullets/Bullet.cs
  artifactKey: Guid(3d66cc5a4cdcb574c87f22a6ef348ef4) Importer(815301076,1909f56bfc062723c751e8b465ee728b)
Start importing Assets/Scripts/Bullets/Bullet.cs using Guid(3d66cc5a4cdcb574c87f22a6ef348ef4) Importer(815301076,1909f56bfc062723c751e8b465ee728b)  -> (artifact id: '0535734544defdd70b031a08b6b38fac') in 0.024409 seconds
  Import took 0.029225 seconds .

========================================================================
Received Prepare
Registering precompiled user dll's ...
Registered in 0.000908 seconds.
Begin MonoManager ReloadAssembly
Native extension for WindowsStandalone target not found
Refreshing native plugins compatible for Editor in 0.23 ms, found 0 plugins.
Preloading 0 native plugins for Editor in 0.00 ms.
Mono: successfully reloaded assembly
- Completed reload, in  0.782 seconds
Platform modules already initialized, skipping
Refreshing native plugins compatible for Editor in 0.25 ms, found 0 plugins.
Preloading 0 native plugins for Editor in 0.00 ms.
Unloading 1164 Unused Serialized files (Serialized files now loaded: 0)
System memory in use before: 60.3 MB.
System memory in use after: 60.4 MB.

Unloading 4 unused Assets to reduce memory usage. Loaded Objects now: 1658.
Total: 1.690800 ms (FindLiveObjects: 0.147500 ms CreateObjectMapping: 0.028700 ms MarkObjects: 1.474000 ms  DeleteObjects: 0.039700 ms)

========================================================================
Received Import Request.
  Time since last request: 21.638593 seconds.
  path: Assets/Scripts/Bullets/ExplodingBullet.cs
  artifactKey: Guid(d6c8b7cf28d2ca14d86fe740bd4fc78a) Importer(815301076,1909f56bfc062723c751e8b465ee728b)
Start importing Assets/Scripts/Bullets/ExplodingBullet.cs using Guid(d6c8b7cf28d2ca14d86fe740bd4fc78a) Importer(815301076,1909f56bfc062723c751e8b465ee728b)  -> (artifact id: '311de943face3665dead54c58e81415a') in 0.007994 seconds
  Import took 0.009815 seconds .

========================================================================
Received Prepare
Registering precompiled user dll's ...
Registered in 0.000692 seconds.
Begin MonoManager ReloadAssembly
Native extension for WindowsStandalone target not found
Refreshing native plugins compatible for Editor in 0.22 ms, found 0 plugins.
Preloading 0 native plugins for Editor in 0.00 ms.
Mono: successfully reloaded assembly
- Completed reload, in  0.771 seconds
Platform modules already initialized, skipping
Refreshing native plugins compatible for Editor in 0.27 ms, found 0 plugins.
Preloading 0 native plugins for Editor in 0.00 ms.
Unloading 1164 Unused Serialized files (Serialized files now loaded: 0)
System memory in use before: 60.3 MB.
System memory in use after: 60.4 MB.

Unloading 4 unused Assets to reduce memory usage. Loaded Objects now: 1661.
Total: 3.283400 ms (FindLiveObjects: 0.254500 ms CreateObjectMapping: 0.133200 ms MarkObjects: 2.871000 ms  DeleteObjects: 0.023100 ms)

========================================================================
Received Import Request.
  Time since last request: 57.606584 seconds.
  path: Assets/Scripts/UI/CanvasManager.cs
  artifactKey: Guid(011f20d53cff2db4a9d6b919e12f8ad0) Importer(815301076,1909f56bfc062723c751e8b465ee728b)
Start importing Assets/Scripts/UI/CanvasManager.cs using Guid(011f20d53cff2db4a9d6b919e12f8ad0) Importer(815301076,1909f56bfc062723c751e8b465ee728b)  -> (artifact id: '80cfdca38e58c10b8d009ac64001b337') in 0.017925 seconds
  Import took 0.021562 seconds .

========================================================================
Received Prepare
Registering precompiled user dll's ...
Registered in 0.000741 seconds.
Begin MonoManager ReloadAssembly
Native extension for WindowsStandalone target not found
Refreshing native plugins compatible for Editor in 0.24 ms, found 0 plugins.
Preloading 0 native plugins for Editor in 0.00 ms.
Mono: successfully reloaded assembly
- Completed reload, in  0.787 seconds
Platform modules already initialized, skipping
Refreshing native plugins compatible for Editor in 0.36 ms, found 0 plugins.
Preloading 0 native plugins for Editor in 0.00 ms.
Unloading 1164 Unused Serialized files (Serialized files now loaded: 0)
System memory in use before: 60.3 MB.
System memory in use after: 60.4 MB.

Unloading 4 unused Assets to reduce memory usage. Loaded Objects now: 1664.
Total: 1.520200 ms (FindLiveObjects: 0.109900 ms CreateObjectMapping: 0.028400 ms MarkObjects: 1.366900 ms  DeleteObjects: 0.014300 ms)

AssetImportWorkerClient::OnTransportError - code=2 error=End of file
